34 53 222 270 66 17 46 199 166 122 115 231 86 172 64 280 268 291 118 183 191 93 100 175 211 52 229 169 278 9 130 165 274 77 2
29 24 299 286 263 267 56 193 253 38 187 117 22 230 51 45 26 255 55 264 90 186 251 247 173 182 279 84 194 132
24 99 246 134 225 3 109 254 147 31 120 29 192 30 195 238 76 248 20 176 47 262 189 149 151
24 34 7 4 220 44 128 129 261 28 232 23 235 6 269 5 139 124 81 215 250 37 69 178 153
21 168 8 210 57 188 157 40 163 239 61 158 145 78 297 97 240 71 252 228 123 208
19 275 88 137 200 171 91 79 202 32 298 283 236 287 138 266 292 142 143 257
19 110 72 58 18 227 198 277 102 82 237 160 177 35 70 289 155 233 1 49
18 234 136 144 60 218 113 174 209 217 190 197 42 83 223 67 154 135 94
19 184 164 159 105 150 125 14 281 241 146 27 207 73 131 206 104 126 272 293
14 41 133 92 74 19 39 295 204 50 140 25 16 43 288
16 108 62 162 273 107 21 226 284 89 170 48 205 219 106 152 256
12 179 276 203 245 224 214 244 258 98 201 196 59
13 221 103 294 15 63 11 119 101 111 114 181 112 141
11 167 148 260 290 96 121 243 185 10 265 12
8 87 80 161 285 282 68 271 242
4 36 13 95 156
3 65 127 213
2 116 259
1 249
1 85
1 54
1 212
1 216
2 0 75
2 296 33
1 180
0
0
0
0
0
0
0
0
0
0
0
0
0
0
0
0
0
0
0
0
0
0
0
0
0
0
0
0
0
0
0
0
0
0
0
0
0
0
0
0
0
0
0
0
0
0
0
0
0
0
0
0
0
0
0
0
0
0
0
0
0
0
0
0
0
0
0
0
0
0
0
0
0
0
