1 7024
1 574
1 699
1 6373
1 3545
1 5037
1 4131
1 8727
1 2355
1 7787
1 7706
1 9213
1 5439
1 7329
1 9035
1 1523
1 4217
1 1546
1 640
1 336
1 2036
1 4479
1 4525
1 6796
1 4609
1 3503
1 6579
1 4513
1 8100
1 3243
1 7766
1 320
1 5649
1 2533
1 1860
1 9299
1 9953
1 370
1 1384
1 3102
1 4733
1 7481
1 2922
1 2636
1 6896
1 7035
1 38
1 8053
1 1158
1 9107
1 147
1 9274
1 9421
1 9190
1 7795
1 5821
1 9934
1 6995
1 7692
1 1448
1 8655
1 4551
1 7533
1 3701
1 5230
1 3311
1 6826
1 6664
1 692
1 1345
1 4412
1 7499
1 5063
1 5199
1 7505
1 202
1 1247
1 5895
1 2563
1 3856
1 7615
