61 2841 1507 8690 4837 3270 7509 3912 8530 9720 3795 8479 9982 2090 8834 5947 2635 4740 4783 6030 8005 3573 1767 3053 3862 1293 3244 9510 757 6704 8261 7865 1019 9204 1288 4408 8710 1653 8577 9096 3931 1312 848 7818 8499 6546 391 3724 1207 4841 2210 9646 8850 3093 5720 4277 2658 9517 8301 8789 2508 9472
53 6329 6338 930 3316 2874 3851 5128 8531 4031 7063 6196 678 3401 1896 3894 8236 5966 7750 396 3336 5195 485 6395 9195 9086 7447 4023 521 6556 2699 7845 2252 7738 4484 7855 9005 4795 3369 3415 9931 8684 8925 2833 1903 3871 9936 4160 9589 8594 3286 3458 9476 7223
51 8521 6115 6296 5566 842 4806 109 6579 523 5996 1402 9320 4044 527 8524 6026 8644 5642 7301 2563 403 8560 2804 1810 4684 2065 4634 3115 3446 38 7616 2067 3933 3517 3479 3382 9343 6828 7473 4596 1278 6496 9371 9717 6271 840 2862 6458 144 3346 6111
46 2424 3196 1101 2600 7572 3622 1631 1489 956 3646 7422 8324 2245 4916 6987 2189 7594 3299 1345 4619 4440 9774 6552 8012 2719 6166 2363 7925 8145 1158 4519 8046 8036 4393 8674 6789 4399 5592 2554 7824 5449 4296 4803 2659 2208 5672
53 169 4665 9075 1984 1532 6893 8484 6457 245 463 8136 5256 896 5999 5259 8439 7805 5569 806 6996 4259 8428 6328 8649 4155 357 4890 1125 9261 3908 5974 6592 9857 2391 1662 4670 4466 9014 2821 5399 2046 1425 6317 4522 8168 4348 20 9334 9937 8163 4186 3664 1038
50 9799 8338 739 560 1491 6345 6705 671 8591 119 3295 3201 1557 7598 520 9786 3842 1465 5473 4699 4323 4789 2396 7689 5585 433 370 997 8621 1196 3916 1370 1136 2980 4444 8942 7981 4313 6440 4180 5209 491 1497 3378 8375 759 5253 3857 8131 3569
40 5205 8637 9628 665 5422 4787 9222 292 6425 6757 9328 8118 9881 2482 2927 8603 9882 3568 4062 8981 8628 1834 6366 6001 6939 7910 4039 1270 5594 9905 1133 3287 4813 8648 7281 8980 1254 4374 9766 8377
50 677 3459 5113 4833 6493 9769 9401 2681 993 2626 2884 9226 6833 9944 6992 9414 4248 4518 1123 3770 1692 3878 7776 53 545 2325 7893 2267 9327 2521 2775 2988 5806 5407 60 8639 7159 7681 2318 6390 2307 4729 5413 4185 8941 3110 2770 4103 142 8022
42 769 419 2352 6703 1994 2817 9655 4958 8109 4050 8166 4703 8804 6905 8597 1850 3077 8196 7178 4535 4316 8392 228 1971 621 6934 9953 480 5927 3626 6358 7369 9427 1972 3335 8372 6492 2130 8582 5244 557 6870
47 7116 5818 4109 697 135 5713 64 5948 2909 2108 9602 366 1012 4866 6629 8533 9224 2829 646 3070 2314 2662 3141 5249 6469 1796 5183 7839 5013 3814 44 7481 1063 8267 5822 3460 5942 6998 5923 4350 8185 980 7131 6748 8171 3097 7441
49 5060 4867 5027 1630 8112 617 660 7232 6909 7221 8984 3203 6743 6163 2892 9429 7418 5323 3606 3761 2938 7541 4452 4478 4870 3658 7022 5565 851 3873 9730 6071 5200 743 3713 8802 7412 6334 9432 3950 3576 2170 8865 8897 1210 7111 4553 4319 2169
43 2784 3786 8630 9144 9604 5620 7323 6842 6179 2395 6956 3707 385 2281 7327 2038 158 663 7900 2390 7820 9884 72 404 5277 2674 8362 6394 4037 9551 2746 4676 6508 221 3275 927 9196 1958 3984 472 3069 231 9536
48 4855 8425 3565 166 3133 9685 6930 3124 1275 6488 3474 5353 1391 5535 9611 7755 3241 7935 8062 7405 9783 1886 2846 4014 6861 7238 8924 7549 701 6504 3582 3348 4816 9332 7199 2824 4129 1419 3683 729 3734 6693 2185 6533 7133 5398 2276 3883
45 4377 1353 9207 7567 2799 514 9950 9696 6123 9889 1647 4893 1822 1355 9475 5309 3421 3212 9408 8461 9983 5076 4515 5488 591 6609 8985 6723 4849 9344 6797 4253 6050 4534 452 3040 2224 8232 9637 2113 7424 8178 4865 5538 1150
43 6689 6952 4959 7256 3958 6742 6739 8928 9805 4843 4543 7339 3391 7819 2386 4247 1266 154 1145 1840 4026 827 4264 1989 841 9969 8896 4271 781 9032 9149 9217 9203 4896 4203 6635 3781 5854 2322 9776 136 5543 939
39 1066 4618 2425 7792 7471 1527 7564 8511 9074 4293 3561 1386 779 5289 6712 2513 7723 4327 740 8544 9107 1072 9115 8833 1567 5490 868 9618 2588 9016 1798 6876 791 1403 6943 4018 325 5944 6479
38 519 19 4064 7602 5112 4021 6871 6971 5292 9114 7505 7384 1032 5568 4986 2452 3623 3799 3772 3670 4881 8920 4847 6497 3834 6878 2369 2853 7083 2671 5798 4531 5874 2286 8087 6997 1247 7795
36 7463 8462 3875 2963 3854 7442 8219 1348 7326 2614 9171 4597 8569 7715 3195 6290 632 7105 1950 7868 8013 7608 2688 2590 8474 1483 2704 4598 9036 479 6195 1898 4451 5179 1510 1134
41 7499 1372 5757 2235 9951 6182 2434 8378 2900 4546 1530 2043 7474 8228 7216 8688 4075 7217 2924 5040 9213 5389 4878 5548 7531 1828 7313 1632 9825 7128 7495 3357 9391 3995 1120 3520 7026 7138 6750 1547 5606
42 2920 5050 5212 4617 8766 8871 159 8916 7305 177 7620 953 8146 5695 8725 6854 9248 4067 2137 3963 3182 8763 3331 8002 9009 6347 5468 3956 3153 5814 5641 9200 3923 5368 797 86 6052 758 5415 5629 3032 2813
34 9888 9045 7975 3616 6316 118 9947 6857 3843 4669 9150 8993 7538 6436 3139 1179 7949 2272 3328 5921 5175 6590 5165 6524 6640 960 8707 1952 6273 9850 6364 4951 6919 4662
41 5860 4882 5351 4969 1048 4544 9388 6806 8960 4130 8575 5009 5552 9265 2041 1470 5061 3628 4681 7389 4382 9902 5456 1450 1501 6400 6754 5448 5119 3716 68 2625 8096 3260 56 8091 3522 8308 6507 8957 2273
43 4742 6307 3418 2766 4920 8076 1441 3370 9164 2179 7076 4674 5180 358 5702 6926 1197 8025 9496 2960 9420 771 2149 5266 8169 8455 7254 3332 6341 3823 5037 8712 5283 7740 9746 5735 1043 9876 587 406 8874 8543 5841
36 4094 4233 7236 3585 8713 3047 1598 2400 8075 7873 7604 7407 8250 5958 121 3841 124 1592 7480 7914 9426 3806 9995 2028 2446 6690 1244 4179 3872 937 131 9446 9560 9311 7161 4124
39 5769 2603 9698 2077 5089 7169 5187 2045 1152 1902 2607 5442 5956 5766 6655 508 3314 9300 2789 6437 5519 7449 3706 3399 9853 8317 2705 3037 4908 5940 5515 8696 3652 8138 8654 9545 6439 4955 5586
41 4008 4346 3239 9733 9842 4376 9133 4776 552 4266 3691 4585 689 2205 3340 4552 8547 3673 2095 4564 7107 3436 8738 2403 7976 1974 9059 7955 6097 1404 9069 5972 3274 6007 901 6246 3126 9938 5273 9430 626
40 8559 6780 6749 5213 8273 3997 8243 7045 193 5155 6779 4566 8746 7890 2661 7566 27 5800 429 8049 5726 4902 5421 5271 3087 5795 1711 7 5328 4434 3002 6598 8386 349 3035 1841 9635 5939 8210 3617
36 7475 5424 7188 1030 8979 2035 531 2950 9992 2930 2906 9212 4343 7712 6486 4460 6837 6105 6829 4526 2190 8567 4889 7838 1039 4216 4474 5131 3886 3080 5476 9215 263 295 6494 1929
36 1528 554 5069 7883 6836 459 6159 2 5163 3509 7698 3010 4457 7939 7886 7237 1750 8442 8912 963 5438 5613 917 725 4545 9759 6796 145 7349 4731 662 6585 2449 1718 9354 7049
34 3564 2711 5901 6764 2856 3462 4903 9710 4045 6920 501 793 968 6799 6707 63 8826 7545 4933 6162 9522 4462 3815 8781 3309 7593 623 6209 1680 7112 9241 8123 5697 2117
36 5497 2576 5881 8213 975 5554 9974 5526 1220 5951 2228 4805 4206 2958 618 2294 7177 728 2601 6811 1719 4512 2158 858 5149 6194 4922 4458 3698 955 2193 7702 8044 3064 8350 3618
35 6916 7406 5716 9035 1686 529 2044 7370 4300 4682 8093 1681 1644 897 3373 1188 4978 6982 6505 6906 7321 4917 6215 9468 891 7074 4161 265 4861 4305 8371 2238 3402 3994 9326
36 273 3951 3866 9871 7573 4085 7907 6029 8125 3105 6082 9981 399 5274 5411 9994 857 8491 809 2996 8003 1053 7400 2183 1673 9715 5869 7950 1336 8589 8488 9383 3518 4013 616 1410
38 3817 7287 4297 5477 4794 7117 821 1509 2621 7508 4227 4643 1017 2945 6587 8961 4217 9605 8212 3538 8084 1851 6500 7144 4215 5276 3423 8398 6872 7611 9690 9168 4905 2073 7002 3514 3880 8217
32 4601 4143 2904 6446 4414 5308 615 8776 7920 2863 8134 9247 1738 4801 9632 9208 9955 9201 9111 4631 6299 6671 2687 3668 9007 9808 1279 197 3224 7641 7766 9796
38 8310 9020 2738 5511 7548 2992 1593 9027 7312 6652 3251 7493 4318 7092 2304 2268 4642 6415 1469 8634 2956 8066 2188 8255 6079 597 9308 9942 9590 5337 4633 6844 637 6944 7537 9753 2055 8069
32 8518 4056 4223 3885 8079 4038 5853 7822 3155 8645 1255 2479 4800 151 4487 3152 6777 9063 7995 6126 8744 6091 3803 8467 5673 3003 8607 2606 1823 4338 9916 6063
33 3444 6361 9972 2250 6374 3262 8814 4970 8627 7685 8060 3556 1714 8400 5301 500 8604 4102 4874 5938 5741 6532 3217 9243 8794 1881 1184 1452 3780 749 343 3386 6185
31 4307 55 3420 7704 6858 7091 5523 7197 8101 6570 4919 2810 4804 5558 7018 4276 5191 9237 3000 4739 4081 5110 5784 2878 5246 1234 540 8939 2408 3589 3969
32 372 4195 9546 9234 5302 244 4558 1684 1222 2515 8361 5915 7578 3897 6763 925 3924 7652 6310 1116 5843 6623 8515 2891 8223 6448 6057 9781 431 5318 8527 8054
36 6002 4587 5727 9132 6025 7302 6888 3306 7089 2341 225 7098 5879 9370 6219 2650 9988 1577 5528 9188 1449 8709 838 9088 6383 8269 8144 9309 913 9 7151 4778 9577 1261 1006 2163
38 8692 890 2665 5160 3498 4749 8811 3127 8656 8686 331 6733 7752 2816 8617 9959 2213 253 359 9378 103 2646 7961 478 4304 642 5079 4509 4391 7617 9390 2103 5591 1826 7335 5029 4750 7404
34 3103 3067 4696 8164 5510 544 9450 3352 2398 5681 9727 5715 8869 8883 162 232 2505 8415 6490 171 6651 2274 6890 3876 6236 7213 9260 7269 8717 7814 4883 170 4047 181
34 8262 394 2641 4225 8742 9419 9643 2141 3602 8225 2526 1870 1165 7402 7272 407 1387 1988 4999 4187 214 62 2058 4110 971 526 9887 8216 6685 635 4897 59 1418 1558
29 2020 9626 8698 206 4246 8574 4910 6138 7812 7411 2365 7966 9022 7542 3383 9348 3977 276 7582 7155 2533 4707 2157 9971 4197 9811 1082 8480 3380
32 2559 7118 3190 5356 4555 9809 1494 2399 751 2187 3672 1417 8926 8872 3495 3610 2560 8733 6528 4694 1157 7827 7348 8899 1669 4041 7964 5204 6881 5046 6453 224
32 8128 9406 9405 8629 5892 7243 1200 711 6450 9141 6103 4002 4879 8067 7231 192 104 496 2030 5177 4501 2317 7526 7084 4860 5867 667 234 1454 9918 9532 7173
35 583 7208 128 2640 9816 2570 8446 6800 3065 1523 7120 7837 8268 2109 2260 2023 3339 9292 2616 8318 2328 7543 237 5765 3175 5127 3627 966 8089 3983 6045 7166 4909 6288 1212
34 2313 2429 658 6856 4396 1667 3366 3411 1328 9104 2787 8775 9073 733 5026 2617 112 4581 7336 2420 6675 1678 2459 2803 4814 5028 6011 1202 6968 790 5408 1226 638 4243
34 9393 4935 3160 1635 826 9928 9526 7465 5534 1999 2667 2068 8143 4653 8360 1291 1911 7967 6047 7552 8427 9173 903 5936 9603 705 5242 5251 5065 7568 1892 818 5125 7825
30 6783 4575 6392 2520 4101 6398 4105 9492 1079 4357 934 924 6375 8691 9694 9767 7974 4719 2146 4627 3033 8208 2339 2604 2458 3128 4445 1614 7783 3812
33 6747 5808 7580 3058 2072 5567 8346 9722 8159 1250 4330 5911 6574 9968 3521 3511 1057 786 7396 3726 6599 1091 3744 6770 4702 2598 2914 5434 2280 6073 5848 2848 1948
31 4706 8796 2106 4714 1069 7515 4282 1748 4410 2388 4456 149 4106 4222 8669 260 1265 2367 7030 7306 1505 6781 1607 4303 7073 7350 3172 3712 3218 5225 6467
33 606 222 7451 6804 1637 1605 9087 9813 9795 3285 6067 6352 3057 7486 4732 309 1980 4190 5275 5111 6568 3078 8443 6144 1099 7780 4574 562 4383 7834 2138 5458 9573
33 1305 157 3170 4873 530 6438 8034 5803 381 2159 2160 2919 7724 281 1774 3961 9416 3674 8855 7517 5270 7185 5418 1366 8321 6702 5269 5395 1581 6853 795 4987 3021
33 961 6199 3083 9012 1438 4016 7172 7034 8854 6718 5310 3026 5600 1583 8502 909 6730 2062 9870 6289 7708 534 3801 2199 8655 7639 8635 7055 6700 8452 8327 5547 2818
36 5335 5744 7554 596 3148 9610 1620 7207 1201 9165 9106 6171 1534 9272 9837 9490 3913 22 6167 1740 682 7060 335 1122 132 7963 123 3604 7803 8183 7748 7215 3860 4790 5504 7058
33 6695 541 1784 9316 9595 9254 5746 6192 4792 4211 8901 6719 3636 8470 9368 9185 1117 8539 3150 5863 3130 2974 7596 2223 6489 9568 8683 2253 1084 4446 6210 5723 4538
31 2143 8368 1263 130 9473 3461 4171 4784 9678 9778 1924 6216 7745 2039 9571 8140 2218 6975 6033 8697 3920 1807 7003 8983 4504 7158 5388 3987 8519 8120 6260
32 4260 892 4170 2497 3477 4966 2076 1458 6083 1257 8695 2086 8911 3483 6862 1151 6923 213 5675 7257 9318 1829 9352 765 1517 900 7035 2321 3185 6016 9329 8700
32 8783 1121 853 9137 832 5824 8831 8555 1062 7857 4400 862 7569 5575 4663 5984 3144 4422 4960 1161 9932 5315 236 1617 5162 6986 2259 7303 7772 8898 2441 2897
33 4894 5304 2357 41 3938 8042 6422 91 922 8823 2394 9511 3710 692 9667 5033 619 5367 9023 2733 6776 1926 9616 7852 4827 9126 7821 9956 58 7896 8612 906 3631
30 741 5990 3329 8382 6638 1601 4869 782 3308 4007 1643 3545 2700 754 4360 9917 1340 3484 1856 1996 8677 270 2562 2013 5846 8647 8396 1001 6613 4891
30 9305 5303 802 8434 4613 4372 6639 1248 374 6122 9312 3948 449 2383 6970 6008 1687 8234 110 6370 1445 9417 2490 7977 8174 2786 6664 5280 4156 8535
32 4059 5406 9274 9926 3732 4331 8209 6283 4497 3663 6915 3038 2309 7361 683 6308 6713 4521 731 2532 5093 2255 6254 6632 1691 7204 3095 4927 3107 5790 8847 7937
35 88 4885 1170 6068 5006 4798 8638 8419 5564 3967 5866 4993 1589 6816 9142 5722 1876 1548 4660 3009 9802 6332 2493 6691 7421 5081 7696 7603 5077 8735 6088 7123 910 8337 5665
34 1227 4930 9768 9078 1031 3129 8779 172 5607 3416 4550 1455 649 7081 4688 3450 3893 6827 3123 7292 5419 3800 2387 3192 8706 9443 4780 8222 9169 12 6266 3858 8098 4145
30 3208 2791 6924 3410 6619 801 1968 4036 7721 8882 824 577 9554 3269 3353 3777 1103 6100 1373 5321 6586 4287 7539 650 1658 8043 1951 2227 3562 8921
28 2432 7141 8736 5189 9033 4764 3946 5042 8103 512 1429 6292 735 5587 7571 7791 4334 3639 1696 5319 9719 5924 2080 1938 5647 796 5857 5571
29 7861 3579 5025 5888 945 3554 6818 1580 9724 3930 4667 8545 5768 7653 2701 186 4943 7660 3302 7067 9873 6193 49 7008 3238 8211 8770 5631 1343
31 672 6189 2140 8074 9704 4562 4912 8351 3807 2506 983 3648 6423 6084 1578 2010 1608 4524 5522 5605 468 3725 1070 522 1728 8352 9486 8613 1677 4725 8154
26 6900 5240 3541 6491 100 6305 4055 5182 9538 4485 5452 8033 1011 7148 537 1761 1107 4118 3581 7359 5685 1148 9993 1306 1055 4268
30 6360 9539 2531 8285 1884 8296 9498 9846 2696 4459 2085 4517 4541 5989 9080 5728 3757 5305 653 5614 8907 7308 4721 7300 4791 401 6434 3929 4091 7093
30 8406 2278 1733 4980 8059 2355 3879 7012 30 3112 3151 5073 1357 274 2231 4765 6483 4342 547 6841 1621 9310 7774 4864 2734 7888 5817 1290 6257 465
29 5227 1276 5043 7278 6896 52 1897 3443 1045 3397 6234 668 8997 239 4237 1516 8992 8977 8305 681 7765 3100 5075 7905 6950 2623 5057 1701 1378
29 3156 6786 7104 1550 9680 9562 6584 6734 5216 9269 2241 639 5372 1901 2644 6522 9122 94 5832 7279 5588 2962 6136 5667 9797 1966 2243 3279 4592
30 7612 85 6223 9440 1910 5369 8494 3364 4491 7394 2362 9361 6682 1502 6253 1584 2595 6714 2414 8045 8347 6295 8256 1675 7869 5239 4723 8363 778 1139
33 7965 5902 4888 8772 6519 8799 2838 1223 941 7220 5719 6608 886 5464 8416 7817 5905 8732 5525 6205 1463 3884 9285 8818 6867 3882 7469 1698 469 8541 4695 8884 2845
30 8708 4437 2622 9633 7874 9701 611 4398 9101 3542 6963 1330 6810 7829 9250 2990 6646 8068 6636 6937 8315 6092 644 4283 7717 4418 8 70 2618 2597
32 7040 3575 92 319 1503 9116 9859 5656 3024 2468 6708 279 6443 1743 4378 3258 6036 7006 7124 9425 7470 1916 6738 9125 8558 1172 1801 4315 8152 6080 7527 4120
27 5393 4428 1110 1106 893 4046 695 8148 2771 9566 7860 1932 7103 2837 7969 2895 1401 2632 8853 9525 4229 1173 2161 9793 4641 3892 3588
30 9297 6843 3993 1054 3793 9844 1109 8151 7894 5329 704 6642 250 6667 7656 5403 3577 7982 1434 9404 6275 3162 182 7039 602 7311 3400 7586 9227 5501
30 8175 6656 6485 655 2438 2175 8116 3666 2153 6628 8383 4946 8457 4498 3045 7378 5068 139 4425 6660 5085 373 2628 3727 2643 4918 4424 8106 1318 976
31 7357 9666 8990 8176 7781 1029 7683 4853 1716 9584 2802 8930 7746 6040 2971 1420 8764 4571 4578 6027 6732 4737 6017 6933 7283 296 6715 3665 675 710 5370
31 6767 9134 6110 6814 9832 2901 5263 4981 7576 4188 3584 304 2955 7984 9725 8889 9110 2965 6429 5524 3769 4760 1127 1242 3140 5922 7391 9650 1230 5390 3313
28 8675 6706 6711 3895 7637 1725 9000 6280 8252 4831 2174 1163 3574 6109 6863 5849 2005 7360 5555 3048 9521 8100 8130 1191 7001 5666 1003 6221
28 5086 328 248 8955 7140 2547 546 599 9202 1965 7341 6772 1104 9866 5261 575 958 7921 5774 2047 6918 2574 9223 3529 5436 4057 811 2586
30 423 4285 6213 7849 7726 8737 2975 4711 8681 9136 6641 4312 2375 6061 5981 8117 5007 3355 6549 3131 7550 4923 1848 2764 1467 5148 8482 9387 2864 2544
30 219 3921 2605 716 9923 1272 7382 4907 1997 256 7137 1596 6187 8807 4489 8769 8660 9886 7353 8381 570 7431 6401 7087 4257 6981 6433 566 9915 3985
28 8932 1963 8312 8198 5779 8367 6270 8562 2427 9183 1799 1907 2860 6095 1650 3164 2807 460 9794 5297 5617 246 2094 8320 316 9396 9860 2755
29 8963 8030 3499 9438 451 586 9934 6156 2776 7777 4895 5574 1395 9695 6839 122 3937 703 834 9875 7264 7559 2450 5252 7618 1141 430 3480 3289
29 2356 5514 4200 9028 7592 6643 2898 2934 6885 7171 6784 1389 7024 83 386 6774 7619 4178 7664 8423 573 1812 2114 2219 7163 9499 8008 1887 1300
29 24 9166 4607 95 215 6140 9629 2494 2584 1271 7299 280 1857 1612 4514 1068 8748 3109 954 6330 4609 7423 7395 810 1147 5150 8463 9172 3528
27 9523 7435 3424 3403 2741 3435 7691 7234 3701 278 1008 9980 2871 9323 4738 5145 7491 9041 3254 3486 1374 8910 1731 6461 2200 7714 1569
28 3869 9411 4661 1792 7211 8504 1175 5082 178 7266 3379 1953 5102 5196 3406 8714 1575 299 3089 3695 7694 9340 7489 5311 1576 6931 8556 4622
30 2571 6658 3108 5627 5799 7870 6407 9975 5267 7414 8403 5278 516 4407 2150 3437 1471 7832 4771 9066 7294 6227 9339 7324 9280 436 2423 9614 8552 3204
27 585 8835 8642 4250 7562 175 6737 168 3747 6785 102 7365 3267 7145 4567 1552 4201 2708 4589 9099 5560 1600 3349 7409 2221 8001 3043
27 5487 5783 5875 3546 4583 1337 2831 1182 2040 8105 1574 2419 490 4809 2349 4797 3456 2201 99 3932 2767 3715 5731 8429 5058 9558 9906
27 2536 2973 7574 5387 1168 8309 9091 8450 3753 8972 17 7371 6149 9893 6351 4146 9506 4513 466 5691 5791 2301 5051 5964 2456 5865 9970
26 3596 3025 5214 9190 8791 6181 184 5355 9482 9181 9480 4650 670 6758 9279 6233 5611 2066 3240 5521 4083 1482 8313 5055 1909 2271
27 5299 6455 627 9634 3197 5039 4291 5777 5228 9242 3907 8401 8283 715 50 7007 9877 6204 7332 9008 5965 7261 4226 5659 9782 5230 2724
29 6815 3294 4781 3896 9424 9651 8593 4097 9823 1193 1862 7583 8289 1065 8592 5220 3467 2336 1405 551 9922 7170 5871 390 8861 383 7985 8517 9281
26 7249 7922 1233 3247 2921 6710 6034 4290 2785 2808 114 2129 7806 2256 7908 7099 7500 7514 5397 9271 1398 8797 9749 5876 3586 2225
26 9707 610 2181 3073 7692 483 2613 9706 1331 2753 5074 1361 8966 7507 7670 2222 9342 6551 4010 8092 8572 107 9095 3500 6650 5859
26 9409 6139 1332 3276 608 8951 4096 9240 7454 77 8887 1164 7417 2522 4151 2012 4954 2638 3488 783 9703 3819 9369 2839 5682 5108
27 3697 3319 9018 4593 9623 4685 4086 4359 3326 8129 2854 2558 4454 5233 7385 3198 6385 1437 1185 4508 1549 2985 8282 2880 1758 9673 8618
28 7398 4137 1245 1232 3798 4219 3214 266 1081 8390 914 3784 3859 2397 8676 3233 1329 3242 1224 2022 5657 8132 746 8369 2152 7649 2410 5953
25 9514 1883 1407 661 9963 3157 3621 152 7901 1832 4594 2437 9565 4369 9350 195 5775 6835 8408 5096 4077 9120 7751 5508 1020
28 7640 1863 5219 8186 6808 5512 536 6803 9597 1912 2861 3909 6444 5194 1727 8280 877 8015 413 1928 3226 3189 5429 1619 7831 5455 5265 8147
25 8376 9469 9617 4499 8956 1771 6476 2952 1171 676 4278 1611 1624 7973 1717 3960 2239 5752 8894 9771 7953 8404 5988 6721 7472
27 572 7761 4880 7260 9537 2511 7440 9948 2409 6240 5770 2636 9235 6339 5986 7072 9683 1890 3177 630 9622 2361 3787 9277 321 9990 2664
26 2385 2585 8973 7129 2024 4270 5360 6542 3808 3392 9001 3765 3011 3463 1827 414 7322 721 981 345 3106 6373 2211 2312 398 3120
25 7877 8435 720 9612 4677 6137 4591 2565 6353 4638 2631 8873 3283 5023 9442 8197 2542 1498 3678 4859 8364 9775 5443 6595 4292
28 2720 8328 7912 2578 9691 1338 7016 5451 6326 7547 5709 4429 3361 4111 1782 5826 6055 1205 7841 1540 9145 4132 7946 5342 6258 3535 9638 7252
26 6277 6771 6593 3601 9543 1638 3290 6659 7502 3062 7529 2151 9228 3645 8754 4549 5906 8135 8052 2727 204 792 3836 3543 9131 6342
24 69 7636 6838 1511 5576 2293 6454 5122 2404 6666 4265 878 8680 6286 3944 603 2655 5142 6285 5435 302 3838 9176 2530
26 84 8989 830 942 9684 3874 7271 7570 5537 6778 133 7728 7205 9907 2757 3684 2232 3094 8908 307 3417 3677 4295 5931 3723 9380
26 7928 3249 9306 6741 8157 2305 2967 2639 1352 2732 4775 7532 2568 2389 8750 6668 8050 7695 6428 882 4743 9773 3762 1488 8057 5173
26 1543 7293 3816 3821 7737 4153 3470 6379 5041 5692 8800 4486 7345 9355 6846 7354 6175 4448 5392 3243 1360 4392 8919 9189 2814 737
27 2949 7687 1521 709 6809 4384 4871 46 7222 4590 7915 7377 3982 1277 6130 2545 3587 3059 1076 4288 1739 7307 8636 4273 794 8453 2627
26 3149 9527 8486 1324 2164 282 1587 3425 6821 9734 2360 4982 6697 5778 5157 2195 6826 9662 8859 2014 8454 1665 8602 845 1602 2691
27 5856 2748 3490 7856 5188 7730 7245 2875 453 1314 9729 8664 7167 7462 3473 2943 5199 3412 2800 5015 5129 1809 3671 1295 1865 4911 9304
26 1900 1460 4213 417 4125 7998 1800 6882 3962 1468 1075 405 6637 7443 2555 7331 3659 7439 1917 5788 6673 6534 4126 5446 7356 3825
26 3263 3667 8149 9077 8682 9262 4502 4718 4347 7276 5462 7770 5172 9386 9162 8734 2932 7887 2707 5609 755 9747 6973 7565 9374 3259
25 4525 2912 8938 9557 6000 2910 9407 37 7525 6442 503 9331 8513 2868 420 4560 5643 2472 7485 7938 7184 9940 7289 590 9677
26 5358 6558 5663 1674 3572 6024 7654 7041 732 9709 5032 4921 6798 1050 9233 6471 2873 5755 9892 7126 4726 5459 1544 9025 8424 5063
24 6807 7759 4034 3839 3901 275 9570 2358 4547 3085 1885 2051 974 5739 5595 3183 4480 5056 4728 4308 4267 5494 7758 1646
27 5235 286 462 1595 439 7043 5170 3261 5453 2673 9800 1720 283 5729 5655 625 8905 2303 1648 7054 1379 9692 2905 7991 9317 7375 8414
25 9128 6502 1392 5529 11 2657 4979 2366 8795 7415 4745 5651 9591 1451 2029 4289 8465 9094 3720 7540 7214 2679 4962 1805 4929
24 2537 9564 7785 7372 7987 9276 3939 9941 865 863 9574 3372 6940 3979 7175 8039 2489 4755 6022 3978 6177 2457 2019 3643
25 1873 1309 200 2859 5466 5507 6012 6237 387 5882 7646 2994 2504 6990 9085 7932 5796 9315 8497 3653 410 5894 2843 4506 4158
23 8703 5636 1349 5133 1154 475 6120 1941 1294 9488 1820 3075 4218 9470 5706 8041 9415 5781 5423 7374 9494 1137 9117
25 920 1729 395 7764 907 7492 9785 9155 2377 2089 3282 8438 2634 7587 8813 5645 1382 8668 3301 9365 2372 7079 6993 4606 7533
24 3605 7631 3054 6589 7624 1597 2453 9812 5880 9428 1920 8974 2279 7605 7258 1616 4527 2725 3922 308 1514 3255 4311 7460
25 1815 2899 7156 9375 3317 1943 6967 1292 4851 2417 4234 2972 9244 8841 344 3763 3553 6049 8570 8626 1825 5839 6959 4 3408
24 5890 8631 2828 8970 4690 4892 2997 5957 8485 3505 4576 9330 7645 8673 2569 3096 2484 7487 8625 6411 2145 2656 7011 8122
24 7810 5699 895 5838 6620 3231 4652 347 9900 4032 859 5262 87 7212 3497 1375 5884 5038 4616 371 1301 5855 1304 3737
25 6263 2942 7180 6168 4194 1846 7263 3501 8187 1203 9177 8988 3351 525 3440 1906 6791 6510 6957 6760 9013 3971 5718 1522 2049
25 4839 1955 7086 4098 2118 9382 6128 3840 3305 3 4988 6908 724 338 9017 9518 1730 4131 2743 2925 598 7219 4568 9736 247
24 9003 3236 6404 7082 8449 4035 2105 2261 9911 2206 4734 4263 2340 9193 2611 8496 7851 5873 932 6941 8858 9818 392 3619
23 7429 190 2033 8860 6746 300 9654 2291 6684 1656 1603 2084 5929 227 5963 5288 504 9491 6731 4324 443 2540 8019
27 1097 9962 4394 3200 1256 4533 2292 3532 5584 7209 9351 814 6231 517 9855 7848 7032 160 6472 9841 5499 4463 108 2610 7881 9097 7700
24 2135 61 2455 5234 7428 294 7787 32 5601 8177 2393 6604 9113 2834 9218 2097 2496 2953 1506 5439 2583 6151 327 4133
24 1609 1100 3976 6985 6186 2180 4033 1217 6048 2756 3007 238 972 9531 2947 5427 3385 9777 747 3745 5833 5760 3656 6191
25 5341 3451 1967 9641 8220 8085 2885 4746 365 6211 2275 342 5083 6174 4579 2469 4822 7644 2723 5290 899 4886 3863 1472 8870
23 5445 8816 9282 4756 1804 4139 833 2959 2104 138 543 3550 3452 6860 1477 7029 8751 885 7484 1683 2961 4683 8740
21 7666 7246 1496 6865 5725 7445 1480 4821 6414 866 9319 738 7944 7958 5789 4655 36 4413 9296 5545 3975
24 3891 989 8257 7648 3082 9640 9139 9043 67 3513 9219 5022 8287 3649 5002 3831 2101 6553 1793 6107 8090 2421 4332 1559
26 1335 8420 3743 8856 3746 2442 1302 8191 2842 8671 3999 4620 8817 7179 1183 5677 9108 3888 9529 6419 7251 4610 4354 6569 9700 4846
23 5885 7889 7638 9830 98 5539 3657 9288 5210 7149 1259 9789 90 2282 7419 2371 3934 4199 2689 1052 8137 2203 9463
24 5440 3493 9209 241 3165 691 2780 7298 5503 4104 2633 8018 1824 7797 1440 2102 2471 337 8472 8456 7044 2847 1962 1923
25 837 9187 9705 7262 5767 3121 6272 761 8291 1985 3237 2295 3661 1704 9598 6086 4402 9356 9502 5207 111 3641 9259 9827 7036
25 9544 9872 9412 147 5036 7628 6902 8863 5004 3943 2168 5333 473 1493 7674 5797 931 2575 8765 5467 5460 5616 6294 9834 1118
23 277 9286 2079 4163 1790 7808 9592 9712 255 6367 8550 6726 6852 5916 2226 2081 1162 5454 2460 8724 9669 7042 3478
23 9559 9806 5135 8203 4473 5123 9757 1461 6565 2721 202 4167 4692 7240 8846 6980 5144 9854 4994 9792 8385 5714 7115
23 5300 3830 5619 1500 5583 3072 2054 5696 812 8027 1198 3877 2501 125 6315 3711 8180 1128 7606 4611 2794 1359 5020
25 3855 1838 699 9742 5835 8242 1412 5385 9479 2989 8336 1130 1249 3489 5231 9572 1274 8333 7338 5447 2165 1585 1287 3928 1722
25 9325 3918 8832 2059 6021 1723 6601 2745 3675 2713 8952 7796 4621 1945 9079 8537 5153 1571 6487 6343 9434 3945 4554 998 8331
25 2957 2422 4356 1447 4196 2464 509 5792 4689 9758 7843 2752 4464 261 2832 8810 4262 7895 9500 1708 5410 421 3405 6559 7986
24 9679 6649 3544 823 4299 9466 6698 7085 7253 2467 3925 7647 1783 6525 628 2712 9093 6964 2798 6573 9198 679 6113 2840
24 117 4090 5120 3789 6336 6498 1443 8445 949 7701 4834 6605 333 1167 9863 6077 1089 6278 5935 7052 4741 447 7731 464
25 9283 2233 9291 8133 8554 3775 3974 2082 1317 5527 5704 6897 3016 6396 4389 4370 8124 5740 7826 7959 8205 9210 8311 4490 5174
22 9976 4536 7840 290 9838 9549 1189 1861 2345 8616 5759 2331 7333 8399 9161 2692 2266 4769 4149 4904 424 4241
25 8787 5218 5012 1745 8542 6538 5700 6391 7916 5701 7642 1235 8601 7021 1629 5805 8771 6388 7225 1742 8114 5224 6147 5474 4042
23 9743 8548 5678 2440 6356 1325 4602 8366 3902 3101 7132 8689 4336 2351 6337 5987 3350 7739 6153 3797 5047 7459 7182
24 3717 6357 8768 5101 8316 6969 8876 4782 9516 9182 8976 5472 6709 3660 1174 8829 9174 5206 6701 2823 341 3687 9214 5293
24 4115 3098 8646 8801 4565 1640 5872 3039 1671 9967 6728 7244 7033 2319 8241 5109 1657 8611 8880 2064 4310 1093 805 457
22 3989 9246 1218 659 3991 9477 5014 992 2979 3266 9006 5243 6612 1572 5542 3804 1080 2779 3942 1570 1573 7467
22 208 1236 5907 8407 9738 969 126 9481 2797 5862 999 6043 9335 3756 3318 2761 861 9197 7885 1095 8265 1931
21 9485 506 7366 775 4630 422 6094 4279 4786 1504 1668 1388 2535 9835 8812 5492 6954 2594 2683 3012 4799
23 1872 5899 7595 9674 6255 2781 3832 8155 4113 2290 4856 760 7286 2552 5680 3365 2647 4095 5932 9467 4649 6819 1316
23 7186 2006 7879 1485 8026 3414 1639 4019 3970 1211 2737 888 4251 7551 6478 4945 9034 8600 3837 4189 9711 3559 9229
23 9820 9263 113 6265 5967 6218 4828 518 2048 458 4093 8583 2139 745 6372 2306 426 9606 9596 7183 8226 3690 6509
24 3555 3068 3915 434 4989 3847 8037 5428 9070 1169 3228 1531 9828 2918 2242 9060 7858 4488 2182 6468 6421 7310 9461 994
22 74 9851 7190 8918 9620 5100 6101 2220 5852 7160 8844 2728 4708 7897 3132 2750 7317 1726 3422 6955 7017 6127
22 3988 6386 9347 5291 8969 1264 3846 6451 7734 7769 4997 96 2257 3996 8436 4306 411 4375 5926 5596 82 6350
23 9752 6418 2335 8760 1852 2651 9298 8495 7106 2525 6866 7273 803 2579 8528 1351 3768 8756 7544 7676 8877 6242 8947
21 4495 9852 4875 5998 3721 6058 6459 2116 4397 4076 800 8498 1618 1083 8358 8514 5264 3250 5623 1327 3749
21 3906 9357 7876 2566 9631 352 7139 4430 3342 5694 5483 2093 2772 8181 9413 51 2946 3113 6978 2964 5533
20 1315 7135 8288 3785 5748 4582 6716 6378 7004 3881 4529 5807 1268 416 2870 7202 3184 3264 5900 31
23 2316 9384 4710 6983 5208 9148 2229 5804 7096 6948 4009 4053 7798 5336 3955 5114 7828 555 8501 7863 5312 4479 1705
22 4164 3375 2207 2248 3466 7786 6588 9957 9433 9015 9400 287 3052 5546 2826 1661 6369 8685 5011 8580 7943 2509
20 2519 2941 9965 5285 5352 9671 2402 7933 1476 1741 5943 1155 571 2475 4294 9898 9676 1641 2492 2134
22 7401 5710 8040 1004 612 4724 1237 3377 66 5139 4975 7866 9437 569 5772 9098 8777 7427 5688 2289 3347 1652
22 1888 9979 1010 6069 4449 1693 9779 6081 7735 5313 2254 6539 1124 7661 7590 532 2503 7983 9656 7906 6087 8173
21 8421 5034 1762 986 8915 3583 9858 4236 7315 1539 4654 8590 6006 2890 8852 3084 1044 2564 5362 7968 9829
23 9627 982 6206 8523 9874 484 6921 9337 5959 3344 3981 4505 2348 887 1036 2801 785 8723 3644 314 5978 3719 4432
20 5550 817 5602 4944 5045 1215 2197 4777 5878 2648 356 4632 363 8466 3268 3914 4242 1961 1939 4830
23 4028 2543 2217 4858 1964 7077 1566 1753 9879 1649 9716 8478 2978 4165 4817 4386 4192 8235 6449 8380 6979 4049 8862
21 5192 5402 3049 9345 6261 1934 2477 5417 1444 4453 9423 5217 7853 7201 8388 8409 2262 4700 4785 4040 6795
21 5668 2663 5771 8991 846 7203 3428 5837 5861 5154 5670 7615 467 1672 2672 1520 6183 5469 3310 8332 9770
21 3307 3457 3615 2969 1752 326 8476 8705 4099 9593 8650 4845 8540 3376 8172 2778 8393 8238 5044 6118 4716
23 4637 4537 1830 8784 3966 4477 7282 5107 936 6331 5143 6864 4964 2350 2685 3171 346 7181 7597 7880 5896 3284 7601
22 2465 502 7455 4673 3783 6359 1859 9118 714 7794 8264 305 9762 9039 7970 5354 2435 4363 7801 5973 2609 9686
20 6119 7456 9761 1845 7477 5364 4168 4368 4770 8221 6176 9293 8286 2553 988 8579 8142 2730 8701 2983
20 5381 6164 2835 106 1756 8741 2186 402 3531 4426 855 5904 7675 6847 3187 2987 5095 1195 1115 722
20 5598 9670 2714 271 1937 3818 6648 2034 7403 4974 4651 9194 7875 9455 3899 9772 6621 1599 5361 1009
21 1588 3194 2107 1311 2320 1791 6615 6180 5339 4628 1982 875 9688 8349 2347 1238 9689 7413 7719 2926 6060
23 1664 8699 1724 4848 2539 1981 5995 1913 4117 3449 4388 5870 2215 970 340 6354 9399 4640 1334 8867 9061 8808 6170
22 29 6188 3005 2374 3099 6346 9867 4605 7823 5420 3567 5992 8651 3954 9728 2120 5121 9439 176 8279 8083 6603
20 5743 595 950 9333 2373 9302 4664 9221 5640 4647 3551 3234 7591 4341 2194 140 1636 4996 8078 8113
21 9052 4455 718 330 6344 8694 2264 6203 9157 9930 4472 2903 8875 9665 727 8405 7833 6368 4079 4339 5471
19 3549 7690 9657 8510 3593 6984 5375 4353 9268 5105 6376 6802 6464 8643 5671 4928 6070 7996 7789
21 3215 2036 9362 777 8749 6413 808 8190 8051 9163 2236 6977 2443 7095 9367 9713 3464 8849 5202 8641 3850
23 8055 6927 4421 7629 3146 4767 8307 5349 7388 9239 3303 355 5115 7807 2485 185 3523 4183 2976 2886 5753 3591 7680
21 1251 1281 2296 4957 4659 4658 9167 3404 1700 1622 1310 7046 5035 6661 1413 9206 7268 7297 2940 6241 8348
21 1869 7732 1453 3754 4963 2518 2580 9127 7626 6098 8444 5482 7584 7168 5286 7625 7523 8507 3041 2329 4281
20 9064 9912 8266 9191 8868 2999 7847 8263 5193 4443 889 5104 3822 3662 4961 2083 8866 4540 7235 767
22 2577 8020 3826 5116 1960 2126 9458 1297 912 6625 8017 15 7871 7328 1839 8417 4254 9178 2888 7951 9721 6152
21 489 1993 4202 8945 3524 3465 5247 1466 1746 3142 6267 3455 8161 8778 5203 2001 2249 7530 317 1377 8718
21 57 4713 7187 6304 1710 9958 2060 7386 2027 8314 8193 574 9535 5078 2666 2929 1149 7669 4976 8374 2269
21 8477 1414 6851 409 7364 120 2948 8516 2675 4884 4239 5577 2517 3953 7027 593 5750 8195 5825 298 7713
20 6654 7230 4733 3036 8277 4256 8460 461 6571 6406 334 4395 8584 3563 6892 1112 5845 9454 3679 2411
21 8640 2928 7677 3972 3845 6447 674 1448 9896 6314 5005 1770 1760 6232 3206 3248 4269 9290 9123 7393 9613
21 6466 6849 567 3865 629 4328 7162 2078 7743 9303 7304 4461 7725 6812 3998 8964 289 5581 9977 5819 1286
22 6663 6269 3904 5698 640 3750 201 2652 6161 4302 8551 6201 8842 3764 6577 9051 4116 2716 7722 4759 707 4405
20 6831 7064 8557 199 6023 8300 115 2323 8827 5786 6883 9447 2447 6557 1556 3071 648 2287 3853 4802
19 713 3191 127 4406 9987 6235 9681 8693 1475 6953 4747 4001 1853 75 7980 4516 7228 6405 3755
20 2883 6456 9524 6903 2184 65 1627 8595 9395 3174 6230 2017 7979 5993 9373 5928 3898 5937 962 1439
18 6961 5359 1904 3384 4020 9366 9991 6106 3704 8903 3481 860 8716 8608 9067 4697 455 1088
20 700 2401 6202 3029 444 8229 6925 4623 2244 8299 5314 9699 217 4193 2855 1954 8487 3965 2032 3778
19 2916 6003 6393 7466 4371 9441 5386 6064 8755 1078 9904 3004 1975 5030 6653 9266 9909 9004 8520
20 482 6474 8058 2769 9089 5052 3625 5630 1368 8944 5363 8127 6506 6408 9885 9984 5551 9024 2922 6740
18 6989 8587 987 9780 4409 5409 843 7999 5016 1047 1187 1933 1990 6624 3600 944 5159 7733
20 2507 780 4208 7434 4656 9487 5751 1369 6268 4985 3186 4754 6938 6949 2488 2550 9010 6051 5376 5377
22 9314 4615 5357 5708 8293 9358 3597 2332 6722 8659 6683 9630 1519 2739 3019 2392 2624 4556 1837 7742 7410 9848
20 1221 9046 929 4112 9410 5186 3482 634 1424 2087 1688 1775 1025 5930 673 9814 8943 6093 6840 5557
21 3607 1794 9625 3475 753 4184 8214 7066 7309 542 4114 1499 3856 1606 664 9236 9891 6096 7057 5758 6484
22 8573 1735 6044 696 4938 4990 4403 40 4503 4825 1457 9050 1836 5707 2111 5945 4926 5836 2098 6627 9831 6430
20 5324 8489 3114 8379 5541 8094 2209 9731 1166 4701 1396 1214 6284 3506 2069 8053 5544 5599 5485 7146
19 3281 1013 9394 3947 1942 8500 5712 2119 5579 8864 6696 5019 8141 6531 7358 5831 4995 9764 4320
19 7864 1833 2867 7941 7048 6805 1787 5433 3796 9264 918 8343 5754 7038 1380 7416 8384 5661 8762
21 8615 2230 8259 8715 4899 1843 1308 2025 847 1243 3599 829 3018 9801 5331 2002 3766 6788 9220 1456 3530
21 2986 3394 1508 2156 8492 1383 9508 2850 3595 1946 7622 6318 6054 9791 6554 1153 4766 7343 6958 7496 5828
21 5970 7320 5971 730 3188 5955 6727 4675 7651 3044 4680 2935 3525 915 167 1694 2830 16 4157 6 4744
19 2917 8728 9255 9575 1908 4686 8160 9284 163 2299 9594 7945 1754 5745 4061 4998 6148 2608 1289
19 3692 6951 7993 7430 6751 3782 3802 7931 3076 6869 9275 1690 7942 2744 1241 1495 1014 6481 5168
21 1406 1734 645 5933 8586 9054 8687 2534 3013 9946 3356 5793 2148 28 5132 6929 4298 1059 6991 3791 9090
21 7882 7512 380 4595 3176 6942 7255 4441 9192 7790 9431 5733 3223 6736 1737 5918 2131 1594 3042 2819 3890
18 7846 2327 3102 9037 5686 5625 3686 3413 5092 9807 6555 1957 3642 1877 9555 3792 5977 4763
18 4693 8323 8782 425 9553 1299 1487 5031 4087 3447 9445 1927 5787 79 6302 8391 7436 4470
19 8271 2788 8021 2512 2731 5167 1393 7729 254 7918 487 9278 4322 8927 5190 4108 8790 669 4127
18 3640 3119 1436 164 4089 397 2011 4159 1905 42 9422 5414 2258 5432 2877 7154 6994 5851
18 6135 1986 3426 2415 4017 161 8272 7009 7381 6775 9939 7247 4182 7607 4983 6250 8959 4698
19 2869 6752 7709 2270 3271 9819 8721 8246 5099 4906 6117 752 7992 8011 4416 2827 9129 685 4005
20 8786 9353 8014 1313 5632 7134 7697 7693 7288 2991 9038 8532 2500 2587 4367 4284 8260 9507 6917 25
21 5090 9159 4060 1541 1181 7686 3220 3547 556 3526 2572 8165 9460 8954 3941 8322 1987 9154 6782 1204 9817
20 187 9556 9068 9452 8345 1797 6848 4244 7560 6312 1307 8247 6276 3485 9465 7902 1969 690 6845 3964
20 4826 3790 1779 4914 7710 2333 7100 361 220 4280 8933 173 471 3927 5126 2879 8275 5563 3134 8830
18 5018 2686 7479 1240 9822 9002 6886 235 2311 8007 339 9389 2378 3558 1915 1129 3390 6015
19 4066 196 1518 6460 4326 1871 990 3154 694 8258 4166 2682 4671 919 1484 6606 9493 898 3337
19 4842 3168 1715 2915 1786 9056 2344 2234 9082 6131 1914 5496 2968 3407 1028 2703 2908 535 3104
18 5500 3245 5654 5049 5495 5827 3738 8072 1262 3487 1535 116 5618 8663 6108 13 2516 7753
19 7114 445 9624 8652 4232 9908 3935 8662 6020 3714 5823 3448 2466 5612 1231 5345 2326 4936 2166
18 8962 8370 8274 9890 565 6672 9103 9225 8729 6824 564 9582 4757 8658 1788 3612 4220 6889
19 1384 839 3592 1591 4030 4872 9031 3813 9790 9945 5925 9040 5633 1811 1490 2353 2277 3229 6298
18 9140 150 9964 7665 511 7425 4221 7793 1604 2354 3034 6787 1526 869 1868 9552 4140 4177
19 8329 3471 1239 1655 7927 8126 8753 6759 6142 7351 505 5097 6626 5624 5024 8451 8879 1341 9737
19 7318 8395 3333 5756 5088 8806 4344 1098 3811 3235 9421 6324 8922 5450 5236 3015 8503 6676 5334
19 8937 4387 7010 4245 1995 3630 9661 528 2596 2042 6038 34 418 6432 5644 7290 7136 1983 3620
19 2538 5400 6134 4937 2439 9457 3079 1073 3613 5530 9053 5258 3590 1397 4551 6435 4134 6212 415
18 4071 7226 6313 6898 1628 2052 8354 9299 6677 9587 3300 1765 4427 7954 8893 3327 9146 6477
20 9581 6922 1090 5628 5201 9130 9324 7503 6832 242 4626 7397 8931 2127 1390 6535 8657 6323 3611 6480
17 3253 448 9561 513 3759 959 10 3359 916 2088 9119 5761 8032 1991 5003 3718 8319
17 7070 6756 6875 4003 3735 1930 9230 4365 5257 2676 5590 9745 8483 6065 3343 828 4727
17 9847 7047 6085 495 8953 1296 9645 3429 456 8233 5416 904 5946 4447 844 5232 5997
19 4309 8598 4351 6402 4063 6945 9205 5689 6121 3074 1446 7802 4142 8206 8295 1350 5536 3566 7778
19 9619 3910 5366 951 2982 4947 8987 4645 1364 293 8108 6037 4423 3730 5703 5146 3180 2376 4636
19 3167 5724 9105 5405 353 1921 9583 4092 4136 3992 6874 7426 226 1258 5773 4691 8082 4069 8035
18 3849 7448 3949 4119 2702 5279 9151 6172 6790 4073 1371 5893 7919 5185 5130 1064 2773 7771
18 3050 5070 8747 6279 5425 5156 2762 5117 7461 5106 8475 973 1732 6899 2993 5737 1579 7703
18 1138 2653 348 7718 2381 7494 6657 510 9435 2820 7390 3820 6028 8355 1086 1060 9765 7635
19 7028 7553 146 498 8353 2057 3700 5549 3419 1769 5912 6169 4850 101 5493 4968 770 8568 5134
20 8731 252 6932 7762 2796 9534 8785 1415 4272 205 2050 9961 4748 3063 7756 5048 4570 4779 3758 9541
18 5054 1176 6013 7274 9576 7800 5559 4362 2792 7923 3136 1707 5897 804 9660 2133 3046 3061
17 6380 8536 1625 4532 3122 947 5379 8432 4176 3427 7667 9973 2529 9294 1536 6576 9072
19 5282 3066 4088 3476 6578 5215 8757 1071 8743 1749 5687 748 9501 4542 3219 1802 7165 7069 6320
19 8179 8774 6530 607 5001 6178 2498 8505 7960 2154 2302 3387 6145 1712 1085 6074 7563 8622 9403
17 9675 883 5603 9952 6537 2872 9843 4715 2514 787 336 5327 6688 4967 3681 9878 8913
17 9935 3199 8440 6281 6523 6962 4932 207 2763 5396 8752 4577 8418 2865 4977 5637 6397
18 4481 3609 3494 1689 3434 4209 8761 5184 2722 8839 8512 3598 9839 3125 3835 7813 5294 9301
20 7867 5913 1773 428 2444 7130 9751 6859 2334 1432 3213 9718 1766 1816 6976 5634 4563 7673 3742 7599
19 1757 2008 9143 3345 4207 6141 5582 8917 1394 4835 4198 1058 8248 6766 7437 5316 5889 6465 4275
18 580 8426 965 2783 8387 8270 5648 736 2016 450 5463 1858 4169 3280 9307 4820 5717 7218
19 1515 3092 1634 354 4639 9112 7727 3137 6891 2364 8821 4915 654 717 2849 9057 1479 3688 864
17 7005 5572 3117 5917 4355 5087 6157 2740 1298 7291 6303 2380 6516 6417 9668 6384 7501
19 3629 4720 7344 5829 1568 3632 5941 708 1041 8150 6561 996 7736 1362 4668 6631 763 1699 7815
17 4141 5516 7065 3159 5690 4539 6014 4335 6947 2567 5084 9448 3273 4230 3533 2698 4774
17 7799 1320 7488 9029 4924 6165 5976 7164 515 3395 9170 4148 1795 6895 6112 6470 313
17 7956 9949 1613 2121 9364 3469 6617 8610 7062 6820 3736 3158 312 6594 9960 3848 8946
17 6670 2426 9815 9647 284 4705 3221 8909 2995 4852 5166 6224 7634 7452 8468 4844 3536
19 656 315 6503 8529 3968 8665 134 1814 6681 1702 8065 1049 4238 7589 259 911 4752 2677 9986
18 303 1979 7446 4024 979 7830 3051 6426 1747 6513 6823 6309 5118 269 9336 1473 2125 2654
18 8302 6529 4029 6526 1768 5952 2931 1283 9978 8162 45 652 6768 3322 6445 2100 8080 6911
18 297 477 4807 4666 6512 3293 5298 964 7265 9821 1156 8522 7241 8836 7577 3014 3055 3430
17 5844 7080 9849 7513 6243 8294 7763 1976 2557 6720 4333 4240 191 2629 2196 6965 3008
17 7668 153 376 6041 1679 6679 3867 1590 6545 5378 3118 5229 9124 6300 1408 2300 3903
16 3510 6729 2436 7903 5810 5284 3776 8624 4942 8365 8016 7892 764 1813 2337 5658
18 1005 772 5816 8653 9652 3980 6773 1199 8843 322 7121 7917 3431 1126 4934 2836 6644 1682
18 6901 2551 2548 93 7754 1160 7558 6389 7872 5638 4876 6427 1759 2726 4901 3304 1666 1642
18 2198 9996 5622 5268 2612 412 7614 8281 5747 2913 223 6154 5676 5960 6482 3571 6114 6365
17 2324 5237 267 369 2167 5238 2192 4722 3031 5383 3973 3771 3023 6792 4162 1087 7152
17 2123 2602 1096 8576 4147 7682 3222 4614 6928 9363 8971 6010 1764 6005 2697 9253 3515
17 481 6765 7749 4965 9158 6262 7457 5785 2793 8437 8805 1895 5338 1899 3441 329 7971
17 8588 4404 3454 9379 9156 9273 5374 4712 9607 3919 7340 750 5066 8825 8411 579 3315
18 3393 9512 2937 9505 7334 6042 5650 8325 1891 1486 4258 54 8678 2970 822 926 1978 8244
17 2061 5684 6078 6580 2284 6264 1875 5730 1026 5401 1092 850 3864 6335 9484 432 2615
17 7399 2115 1564 5674 9444 9062 8199 1253 9989 1409 7031 2811 4612 143 7051 18 7561
17 1879 3651 2246 4128 774 6059 8413 3748 614 8004 3788 9895 7518 7705 8888 2172 5593
18 4815 1831 601 8745 7192 272 4224 2809 7898 6873 3374 6572 3852 2379 3637 188 6327 9897
17 6822 7633 2852 6877 559 7392 8081 5962 291 6249 2911 5 4956 1219 5749 8249 6518
18 9216 3022 9998 4349 5481 8110 9065 2037 8359 7741 2451 5736 6611 4600 1074 756 8726 7997
15 5615 8614 1977 5340 8412 1864 2431 4210 2204 2483 5151 4401 5431 7524 9076
17 2473 1260 2110 6999 8097 6220 8063 4608 2478 5505 8623 7233 33 7850 6019 5652 6622
17 902 9180 6475 2413 8904 6132 9697 8339 7285 2144 393 706 6936 9787 8838 5344 3887
17 6198 9341 1365 8585 8803 5506 5520 2524 2694 4762 198 647 7420 4972 6035 4286 7275
16 3502 1651 744 5610 5850 8914 6566 1119 9175 2936 1321 3794 9147 4735 7650 7314
16 5491 9919 4971 1537 1282 4025 5430 2003 6184 4004 5053 7478 1213 2592 4913 4493
16 6420 816 2407 1267 4314 6248 4442 870 7101 9092 6511 3911 2310 4364 8077 318
17 1867 8848 874 5241 3205 2715 8431 3752 7706 8525 3360 3548 351 3143 360 3655 8278
17 6633 4761 1777 4635 6410 3173 7143 1358 9653 9899 5136 3209 6355 5489 762 8251 3504
17 4984 7585 8459 6056 8182 2907 2370 8335 6813 3900 3634 8469 2795 5531 6717 5811 5864
15 3442 8207 849 3603 3354 4366 257 5486 6935 1423 1744 2637 9567 3741 3633
17 3409 9030 4940 2527 6596 4173 5010 6880 2599 4252 4468 3006 7989 8095 8508 8099 4373
16 7911 7224 6575 9042 6089 382 9798 216 7842 8720 9081 3728 6046 5949 1285 6514
16 9901 8224 825 4154 3496 5221 1042 9639 4603 7295 9211 4381 9580 5248 8538 852
16 4150 8104 6125 7994 7498 7978 2765 1819 7504 5840 1347 4431 9058 2815 1180 3433
16 2690 7387 933 9869 3905 7962 836 5484 6229 3917 1894 5178 5834 9861 9714 3257
18 5517 9464 2382 8023 377 7337 2000 1464 7259 2844 7352 604 9856 8056 9615 427 8156 1513
16 375 2881 8158 9135 9321 1806 8218 3211 9102 6972 179 5820 788 7476 9385 7844
16 7229 8447 8739 7884 633 6251 1654 1435 5306 9708 2428 9599 6287 702 6597 884
14 8840 4496 4973 7516 6363 1342 6325 6146 470 7023 3363 1645 1633 8780
15 4758 6424 3210 9741 561 8672 6452 4340 1919 2889 5181 8837 8666 4823 8204
16 7248 1697 3680 105 3468 1565 9547 8851 3256 441 3503 2668 6761 4054 2882 4135
17 1660 442 1252 4625 2790 553 578 8534 4561 9270 4345 367 9453 1878 4510 5653 819
14 4586 6946 435 1 9542 876 4768 7250 2462 4548 4931 6032 831 2760
16 6228 378 3940 6634 4773 9739 2368 2461 7521 3081 8633 651 5961 1935 6158 4412
17 3453 8167 8609 5660 9267 3570 4704 8767 4358 7904 2202 1925 165 3868 9648 948 2298
15 5161 4648 6473 5347 7193 8009 4832 3323 3001 2894 7157 4808 1847 1842 8038
14 6412 7210 8464 8410 9513 8064 2729 6282 2091 2416 2822 9997 8999 881
15 3017 6066 6053 9152 7296 6602 1818 3889 1525 8526 3472 7878 1663 5604 2619
15 1866 7277 8978 533 5287 3682 1094 1462 7071 9398 7623 2136 5198 1385 8490
16 957 1492 3445 7000 7174 4657 7520 9026 4144 7747 4812 8619 8441 2806 1426 9055
15 1273 1323 6669 8506 497 5380 3338 9894 4082 4436 2018 9338 8923 3330 940
14 3527 2774 4080 2754 9833 7555 5465 1551 3060 9903 4672 9540 2998 3689
17 6004 6662 9179 4072 9238 8344 4678 4274 5098 6431 5103 1623 1225 5322 6322 5639 4249
15 2742 2178 938 1051 7191 538 9322 5532 8284 8121 9756 1280 5580 7150 867
16 5017 2338 3829 7194 7663 4857 2315 80 6102 8010 6371 7242 6291 9865 8581 1610
16 1024 6155 1860 6674 5540 4204 8798 9755 7757 323 5980 1144 2251 438 9845 1422
16 3540 6409 7546 582 7672 3952 1944 5470 5801 2433 2124 7775 1303 4231 5635 8297
16 921 3773 9402 1553 1142 6550 7490 3959 880 2071 1780 4380 4261 5197 1893 6581
17 8024 3779 7078 7557 4862 6678 4074 9826 7588 1033 43 4952 1542 488 9642 6245 5325
15 2247 5608 7142 3398 3537 8298 6582 6769 8170 3844 558 6501 5895 581 5343
15 3181 6009 3368 1755 5475 156 8006 4730 8549 9883 6817 4174 2474 258 643
16 9586 5626 2128 8304 2216 9659 1772 21 7090 1781 6755 5223 7859 1077 9231 2954
15 3169 6630 8998 141 2546 7610 991 9295 7094 815 6214 2096 8891 6124 2510
15 8820 6160 7102 8566 2406 5176 5373 1034 686 9664 324 73 301 4475 7068
15 7319 6116 7659 6618 8448 7627 5320 2263 985 2004 1703 1354 8239 5734 5169
15 7657 2240 78 3512 928 6301 5094 2749 2342 2405 148 7744 8948 3733 1021
15 734 3396 2966 7019 5830 6687 4840 4212 26 539 8936 4599 9184 7330 2147
15 4788 8509 6133 210 2645 9083 5763 2933 8885 243 8828 4751 3703 9585 6560
15 4687 8564 2173 698 3594 288 8115 2162 7125 5738 3166 3056 5812 494 2825
14 1474 6239 35 4123 2923 1346 6868 2142 5502 6887 6099 6311 712 474
15 4511 8194 5847 8902 9784 7811 8565 3534 4900 8202 1554 6725 1721 5561 3552
14 4379 2893 8995 7643 6306 3227 7788 5080 5518 2487 3179 1367 5883 9503
15 8292 4624 2470 7768 1431 2063 2680 5664 9788 4385 7053 4753 9748 97 7929
14 4953 2031 5250 7926 5908 9376 2670 8201 8231 2902 6349 4172 5621 5802
15 856 4824 6563 8188 967 6974 9588 9397 4152 9047 7450 3492 6894 7952 8031
15 8342 400 76 9100 2706 4235 8561 7189 2283 2155 8702 3676 1970 129 8958
14 3090 1524 6062 9497 7316 7408 7671 9682 5898 1659 2491 9608 6724 2476
15 4877 7934 871 6567 8822 5457 9924 9456 2092 5330 5762 5683 9548 7056 9804
14 2782 4854 7014 189 8237 4433 5384 8107 7699 5461 7688 5404 9880 6995
14 4494 6104 2642 1918 8986 4000 2561 2285 5509 1007 1582 8341 3091 5669
14 6694 47 6966 9199 7267 4992 5794 3699 9933 784 14 6616 7658 7899
17 1209 48 6247 4228 3731 1889 6562 8481 3432 9726 1056 6075 631 7836 7784 1186 2747
14 8086 4121 984 2330 5260 2984 8153 7720 8389 9578 2070 1940 935 4476
14 6381 9478 1561 1111 8940 6462 5326 5365 3519 5412 5272 3702 9011 4950
14 5934 268 1363 2495 977 3624 5877 8471 4439 4991 446 5138 8276 2074
13 5222 4482 5662 4569 657 9153 3805 8704 2858 8759 6217 5556 8430
15 8458 4584 3216 6416 548 592 7200 7510 1854 1333 9672 8949 5348 6614 71
12 2009 9495 9392 5062 6793 8061 2499 4051 6259 3957 6645 4492
14 1228 5994 1322 7363 1132 1538 7556 2684 7536 620 440 3438 4939 6333
15 9084 3990 2075 5815 5809 2122 6699 6225 2768 6543 2549 1849 1177 7947 81
14 5868 493 2132 2857 9381 4012 6680 8900 3296 5152 1481 3685 7679 4811
15 4107 4415 8892 4507 7579 6830 9644 7368 183 2454 7059 5570 3810 3265 8996
15 3371 6297 9649 2021 1835 9232 7195 9943 946 588 4175 1808 9862 5000 4043
14 3138 7342 209 1326 155 194 9160 7497 6256 9760 9257 622 3297 7280
13 2695 7380 9810 3116 8620 2630 7782 5346 4572 1108 1882 3020 9609
15 5693 2026 2056 8857 5021 8493 3277 1428 1615 2876 1400 7127 8356 2896 8189
15 7329 1949 2523 3740 3232 1947 7630 776 4122 9245 1936 687 320 6850 6735
14 4078 5887 5920 6274 550 7816 5211 5171 2214 8215 7511 6387 1113 6226
13 1430 8667 726 4205 3292 6495 8334 8906 8357 362 7988 1216 3311
15 1992 6244 7020 952 6173 285 1709 3722 7707 4015 7050 3278 230 2805 8048
14 212 9836 524 1046 1102 5394 9929 1229 813 6564 2759 4530 1416 600
15 2735 5158 2589 6536 6907 5391 8881 9621 5072 9471 8230 5479 7438 6540 589
14 9313 8029 4863 3439 7930 5008 3828 9533 609 5842 8819 4573 8394 9138
14 568 1512 6884 8254 5782 4898 8473 8935 8845 6362 8934 1035 3669 6348
14 6794 9071 507 7037 1685 5064 9687 1533 9966 5776 723 5910 4772 6072
15 7198 5732 5764 4819 2480 680 5350 4925 3320 7367 9658 7924 624 684 5711
14 332 6340 7711 5597 2556 5426 5124 9474 7535 6399 5164 8240 7176 905
