1 9997
1 9988
1 9960
1 9925
1 9890
1 9888
1 9887
1 9872
1 9861
1 9858
1 9850
1 9832
1 9826
1 9822
1 9814
1 9764
1 9742
1 9740
1 9738
1 9727
1 9718
1 9714
1 9696
1 9692
1 9688
1 9670
1 9662
1 9601
1 9594
1 9589
1 9581
1 9561
1 9543
1 9538
1 9498
1 9488
1 9475
1 9447
1 9446
1 9445
1 9443
1 9440
1 9435
1 9413
1 9392
1 9371
1 9360
1 9351
1 9340
1 9328
1 9321
1 9288
1 9284
1 9282
1 9248
1 9246
1 9243
1 9215
1 9213
1 9211
1 9194
1 9191
1 9189
1 9180
1 9168
1 9159
1 9157
1 9155
1 9151
1 9145
1 9141
1 9136
1 9111
1 9106
1 9058
1 9054
1 9053
1 9049
1 9038
1 9031
1 9014
1 8995
1 8980
1 8961
1 8948
1 8946
1 8896
1 8858
1 8854
1 8849
1 8835
1 8786
1 8730
1 8725
1 8724
1 8709
1 8698
1 8669
1 8653
1 8644
1 8607
1 8598
1 8595
1 8590
1 8579
1 8568
1 8561
1 8551
1 8546
1 8545
1 8544
1 8504
1 8502
1 8472
1 8468
1 8453
1 8450
1 8447
1 8440
1 8424
1 8407
1 8406
1 8404
1 8394
1 8383
1 8372
1 8364
1 8346
1 8339
1 8315
1 8299
1 8267
1 8246
1 8232
1 8220
1 8207
1 8184
1 8183
1 8172
1 8152
1 8141
1 8128
1 8121
1 8103
1 8099
1 8097
1 8090
1 8085
1 8078
1 8057
1 8044
1 8039
1 8033
1 8019
1 7995
1 7937
1 7914
1 7901
1 7883
1 7855
1 7851
1 7849
1 7833
1 7828
1 7822
1 7794
1 7782
1 7781
1 7760
1 7759
1 7735
1 7720
1 7704
1 7678
1 7674
1 7662
1 7653
1 7643
1 7642
1 7639
1 7633
1 7613
1 7609
1 7606
1 7590
1 7584
1 7576
1 7566
1 7545
1 7539
1 7511
1 7487
1 7427
1 7426
1 7418
1 7382
1 7343
1 7337
1 7324
1 7320
1 7318
1 7313
1 7297
1 7277
1 7256
1 7245
1 7229
1 7216
1 7205
1 7186
1 7179
1 7175
1 7148
1 7138
1 7136
1 7132
1 7080
1 7047
1 7030
1 7006
1 6982
1 6980
1 6975
1 6956
1 6950
1 6933
1 6897
1 6891
1 6885
1 6845
1 6812
1 6808
1 6791
1 6785
1 6781
1 6770
1 6683
1 6671
1 6669
1 6668
1 6638
1 6613
1 6603
1 6599
1 6597
1 6570
1 6557
1 6543
1 6507
1 6488
1 6440
1 6430
1 6428
1 6425
1 6424
1 6423
1 6392
1 6347
1 6340
1 6330
1 6319
1 6261
1 6257
1 6229
1 6227
1 6198
1 6197
1 6190
1 6154
1 6152
1 6130
1 6096
1 6056
1 6042
1 6021
1 6001
1 5959
1 5955
1 5954
1 5944
1 5939
1 5919
1 5876
1 5837
1 5835
1 5832
1 5831
1 5801
1 5798
1 5777
1 5703
1 5679
1 5673
1 5645
1 5634
1 5613
1 5604
1 5588
1 5557
1 5552
1 5535
1 5524
1 5500
1 5482
1 5467
1 5465
1 5455
1 5454
1 5388
1 5383
1 5371
1 5370
1 5354
1 5336
1 5326
1 5325
1 5266
1 5262
1 5260
1 5254
1 5241
1 5233
1 5160
1 5147
1 5130
1 5097
1 5062
1 5057
1 5046
1 5030
1 5014
1 5008
1 4980
1 4974
1 4967
1 4960
1 4949
1 4935
1 4922
1 4904
1 4891
1 4852
1 4830
1 4805
1 4804
1 4801
1 4796
1 4768
1 4764
1 4760
